Info: Starting: Create block symbol file (.bsf)
Info: qsys-generate C:\teach\wasa_2018\jan\FPGA_SoCkit\SystemOnChip\SoC_QSYS.qsys --block-symbol-file --output-directory=C:\teach\wasa_2018\jan\FPGA_SoCkit\SystemOnChip\SoC_QSYS --family="Cyclone V" --part=5CSXFC6D6F31C6
Progress: Loading SystemOnChip/SoC_QSYS.qsys
Progress: Reading input file
Progress: Adding AMMS_to_ARM_0 [AMMS_to_ARM 1.0]
Progress: Parameterizing module AMMS_to_ARM_0
Progress: Adding AMMS_to_FPGA_0 [AMMS_to_FPGA 1.0]
Progress: Parameterizing module AMMS_to_FPGA_0
Progress: Adding clk_0 [clock_source 16.1]
Progress: Parameterizing module clk_0
Progress: Adding hps_0 [altera_hps 16.1]
Progress: Parameterizing module hps_0
Progress: Building connections
Progress: Parameterizing connections
Progress: Validating
Progress: Done reading input file
Info: SoC_QSYS.hps_0: HPS Main PLL counter settings: n = 0  m = 73
Info: SoC_QSYS.hps_0: HPS peripherial PLL counter settings: n = 0  m = 39
Warning: SoC_QSYS.hps_0: "Configuration/HPS-to-FPGA user 0 clock frequency" (desired_cfg_clk_mhz) requested 100.0 MHz, but only achieved 97.368421 MHz
Warning: SoC_QSYS.hps_0: 1 or more output clock frequencies cannot be achieved precisely, consider revising desired output clock frequencies.
Warning: SoC_QSYS.hps_0: set_interface_assignment: Interface "hps_io" does not exist
Info: qsys-generate succeeded.
Info: Finished: Create block symbol file (.bsf)
Info: 
Info: Starting: Create HDL design files for synthesis
Info: qsys-generate C:\teach\wasa_2018\jan\FPGA_SoCkit\SystemOnChip\SoC_QSYS.qsys --synthesis=VHDL --output-directory=C:\teach\wasa_2018\jan\FPGA_SoCkit\SystemOnChip\SoC_QSYS\synthesis --family="Cyclone V" --part=5CSXFC6D6F31C6
Progress: Loading SystemOnChip/SoC_QSYS.qsys
Progress: Reading input file
Progress: Adding AMMS_to_ARM_0 [AMMS_to_ARM 1.0]
Progress: Parameterizing module AMMS_to_ARM_0
Progress: Adding AMMS_to_FPGA_0 [AMMS_to_FPGA 1.0]
Progress: Parameterizing module AMMS_to_FPGA_0
Progress: Adding clk_0 [clock_source 16.1]
Progress: Parameterizing module clk_0
Progress: Adding hps_0 [altera_hps 16.1]
Progress: Parameterizing module hps_0
Progress: Building connections
Progress: Parameterizing connections
Progress: Validating
Progress: Done reading input file
Info: SoC_QSYS.hps_0: HPS Main PLL counter settings: n = 0  m = 73
Info: SoC_QSYS.hps_0: HPS peripherial PLL counter settings: n = 0  m = 39
Warning: SoC_QSYS.hps_0: "Configuration/HPS-to-FPGA user 0 clock frequency" (desired_cfg_clk_mhz) requested 100.0 MHz, but only achieved 97.368421 MHz
Warning: SoC_QSYS.hps_0: 1 or more output clock frequencies cannot be achieved precisely, consider revising desired output clock frequencies.
Warning: SoC_QSYS.hps_0: set_interface_assignment: Interface "hps_io" does not exist
Info: SoC_QSYS: Generating SoC_QSYS "SoC_QSYS" for QUARTUS_SYNTH
Info: AMMS_to_ARM_0: "SoC_QSYS" instantiated AMMS_to_ARM "AMMS_to_ARM_0"
Info: AMMS_to_FPGA_0: "SoC_QSYS" instantiated AMMS_to_FPGA "AMMS_to_FPGA_0"
Info: Reusing file C:/teach/wasa_2018/jan/FPGA_SoCkit/SystemOnChip/SoC_QSYS/synthesis/submodules/Types.vhd
Info: hps_0: "Running  for module: hps_0"
Info: hps_0: HPS Main PLL counter settings: n = 0  m = 73
Info: hps_0: HPS peripherial PLL counter settings: n = 0  m = 39
Warning: hps_0: "Configuration/HPS-to-FPGA user 0 clock frequency" (desired_cfg_clk_mhz) requested 100.0 MHz, but only achieved 97.368421 MHz
Warning: hps_0: 1 or more output clock frequencies cannot be achieved precisely, consider revising desired output clock frequencies.
Warning: hps_0: set_interface_assignment: Interface "hps_io" does not exist
Info: hps_0: "SoC_QSYS" instantiated altera_hps "hps_0"
Info: avalon_st_adapter: Inserting error_adapter: error_adapter_0
Info: avalon_st_adapter_001: Inserting error_adapter: error_adapter_0
Info: mm_interconnect_0: "SoC_QSYS" instantiated altera_mm_interconnect "mm_interconnect_0"
Info: rst_controller: "SoC_QSYS" instantiated altera_reset_controller "rst_controller"
Info: fpga_interfaces: "hps_0" instantiated altera_interface_generator "fpga_interfaces"
Info: hps_io: "hps_0" instantiated altera_hps_io "hps_io"
Info: AMMS_to_ARM_0_avalon_slave_0_translator: "mm_interconnect_0" instantiated altera_merlin_slave_translator "AMMS_to_ARM_0_avalon_slave_0_translator"
Info: hps_0_h2f_lw_axi_master_agent: "mm_interconnect_0" instantiated altera_merlin_axi_master_ni "hps_0_h2f_lw_axi_master_agent"
Info: AMMS_to_ARM_0_avalon_slave_0_agent: "mm_interconnect_0" instantiated altera_merlin_slave_agent "AMMS_to_ARM_0_avalon_slave_0_agent"
Info: AMMS_to_ARM_0_avalon_slave_0_agent_rsp_fifo: "mm_interconnect_0" instantiated altera_avalon_sc_fifo "AMMS_to_ARM_0_avalon_slave_0_agent_rsp_fifo"
Info: router: "mm_interconnect_0" instantiated altera_merlin_router "router"
Info: router_002: "mm_interconnect_0" instantiated altera_merlin_router "router_002"
Info: hps_0_h2f_lw_axi_master_wr_limiter: "mm_interconnect_0" instantiated altera_merlin_traffic_limiter "hps_0_h2f_lw_axi_master_wr_limiter"
Info: Reusing file C:/teach/wasa_2018/jan/FPGA_SoCkit/SystemOnChip/SoC_QSYS/synthesis/submodules/altera_avalon_sc_fifo.v
Info: AMMS_to_ARM_0_avalon_slave_0_burst_adapter: "mm_interconnect_0" instantiated altera_merlin_burst_adapter "AMMS_to_ARM_0_avalon_slave_0_burst_adapter"
Info: Reusing file C:/teach/wasa_2018/jan/FPGA_SoCkit/SystemOnChip/SoC_QSYS/synthesis/submodules/altera_merlin_address_alignment.sv
Info: Reusing file C:/teach/wasa_2018/jan/FPGA_SoCkit/SystemOnChip/SoC_QSYS/synthesis/submodules/altera_avalon_st_pipeline_base.v
Info: cmd_demux: "mm_interconnect_0" instantiated altera_merlin_demultiplexer "cmd_demux"
Info: cmd_mux: "mm_interconnect_0" instantiated altera_merlin_multiplexer "cmd_mux"
Info: rsp_demux: "mm_interconnect_0" instantiated altera_merlin_demultiplexer "rsp_demux"
Info: rsp_mux: "mm_interconnect_0" instantiated altera_merlin_multiplexer "rsp_mux"
Info: Reusing file C:/teach/wasa_2018/jan/FPGA_SoCkit/SystemOnChip/SoC_QSYS/synthesis/submodules/altera_merlin_arbitrator.sv
Info: AMMS_to_ARM_0_avalon_slave_0_rsp_width_adapter: "mm_interconnect_0" instantiated altera_merlin_width_adapter "AMMS_to_ARM_0_avalon_slave_0_rsp_width_adapter"
Info: Reusing file C:/teach/wasa_2018/jan/FPGA_SoCkit/SystemOnChip/SoC_QSYS/synthesis/submodules/altera_merlin_address_alignment.sv
Info: Reusing file C:/teach/wasa_2018/jan/FPGA_SoCkit/SystemOnChip/SoC_QSYS/synthesis/submodules/altera_merlin_burst_uncompressor.sv
Info: avalon_st_adapter: "mm_interconnect_0" instantiated altera_avalon_st_adapter "avalon_st_adapter"
Info: border: "hps_io" instantiated altera_interface_generator "border"
Info: error_adapter_0: "avalon_st_adapter" instantiated error_adapter "error_adapter_0"
Info: SoC_QSYS: Done "SoC_QSYS" with 24 modules, 83 files
Info: qsys-generate succeeded.
Info: Finished: Create HDL design files for synthesis
