Flow report for SystemOnChip
Fri Sep 06 14:20:52 2019
Quartus Prime Version 16.1.0 Build 196 10/24/2016 SJ Lite Edition


---------------------
; Table of Contents ;
---------------------
  1. Legal Notice
  2. Flow Summary
  3. Flow Settings
  4. Flow Non-Default Global Settings
  5. Flow Elapsed Time
  6. Flow OS Summary
  7. Flow Log
  8. Flow Messages
  9. Flow Suppressed Messages



----------------
; Legal Notice ;
----------------
Copyright (C) 2016  Intel Corporation. All rights reserved.
Your use of Intel Corporation's design tools, logic functions 
and other software and tools, and its AMPP partner logic 
functions, and any output files from any of the foregoing 
(including device programming or simulation files), and any 
associated documentation or information are expressly subject 
to the terms and conditions of the Intel Program License 
Subscription Agreement, the Intel Quartus Prime License Agreement,
the Intel MegaCore Function License Agreement, or other 
applicable license agreement, including, without limitation, 
that your use is for the sole purpose of programming logic 
devices manufactured by Intel and sold by Intel or its 
authorized distributors.  Please refer to the applicable 
agreement for further details.



+-------------------------------------------------------------------------------+
; Flow Summary                                                                  ;
+---------------------------------+---------------------------------------------+
; Flow Status                     ; Successful - Fri Sep 06 14:20:52 2019       ;
; Quartus Prime Version           ; 16.1.0 Build 196 10/24/2016 SJ Lite Edition ;
; Revision Name                   ; SystemOnChip                                ;
; Top-level Entity Name           ; SystemOnChip                                ;
; Family                          ; Cyclone V                                   ;
; Device                          ; 5CSXFC6D6F31C6                              ;
; Timing Models                   ; Final                                       ;
; Logic utilization (in ALMs)     ; 700 / 41,910 ( 2 % )                        ;
; Total registers                 ; 1247                                        ;
; Total pins                      ; 50 / 499 ( 10 % )                           ;
; Total virtual pins              ; 0                                           ;
; Total block memory bits         ; 0 / 5,662,720 ( 0 % )                       ;
; Total DSP Blocks                ; 0 / 112 ( 0 % )                             ;
; Total HSSI RX PCSs              ; 0 / 9 ( 0 % )                               ;
; Total HSSI PMA RX Deserializers ; 0 / 9 ( 0 % )                               ;
; Total HSSI TX PCSs              ; 0 / 9 ( 0 % )                               ;
; Total HSSI PMA TX Serializers   ; 0 / 9 ( 0 % )                               ;
; Total PLLs                      ; 0 / 15 ( 0 % )                              ;
; Total DLLs                      ; 1 / 4 ( 25 % )                              ;
+---------------------------------+---------------------------------------------+


+-----------------------------------------+
; Flow Settings                           ;
+-------------------+---------------------+
; Option            ; Setting             ;
+-------------------+---------------------+
; Start date & time ; 09/06/2019 14:13:11 ;
; Main task         ; Compilation         ;
; Revision Name     ; SystemOnChip        ;
+-------------------+---------------------+


+--------------------------------------------------------------------------------------------------------------------------------------------------------------------------------+
; Flow Non-Default Global Settings                                                                                                                                               ;
+---------------------------------------+------------------------------------------------------------------------+---------------+------------------------------+----------------+
; Assignment Name                       ; Value                                                                  ; Default Value ; Entity Name                  ; Section Id     ;
+---------------------------------------+------------------------------------------------------------------------+---------------+------------------------------+----------------+
; COMPILER_SIGNATURE_ID                 ; 260097674091157.156776838612844                                        ; --            ; --                           ; --             ;
; ECO_REGENERATE_REPORT                 ; On                                                                     ; Off           ; --                           ; --             ;
; EDA_OUTPUT_DATA_FORMAT                ; Vhdl                                                                   ; --            ; --                           ; eda_simulation ;
; EDA_SIMULATION_TOOL                   ; ModelSim-Altera (VHDL)                                                 ; <None>        ; --                           ; --             ;
; EDA_TIME_SCALE                        ; 1 ps                                                                   ; --            ; --                           ; eda_simulation ;
; HPS_ISW_FILE                          ; SoC_QSYS/synthesis/submodules/sequencer/alt_types.pre.h                ; --            ; SoC_QSYS_hps_0_hps_io_border ; --             ;
; HPS_ISW_FILE                          ; SoC_QSYS/synthesis/submodules/sequencer/emif.pre.xml                   ; --            ; SoC_QSYS_hps_0_hps_io_border ; --             ;
; HPS_ISW_FILE                          ; SoC_QSYS/synthesis/submodules/sequencer/sdram_io.pre.h                 ; --            ; SoC_QSYS_hps_0_hps_io_border ; --             ;
; HPS_ISW_FILE                          ; SoC_QSYS/synthesis/submodules/sequencer/sequencer.pre.c                ; --            ; SoC_QSYS_hps_0_hps_io_border ; --             ;
; HPS_ISW_FILE                          ; SoC_QSYS/synthesis/submodules/sequencer/sequencer.pre.h                ; --            ; SoC_QSYS_hps_0_hps_io_border ; --             ;
; HPS_ISW_FILE                          ; SoC_QSYS/synthesis/submodules/sequencer/sequencer_auto.pre.h           ; --            ; SoC_QSYS_hps_0_hps_io_border ; --             ;
; HPS_ISW_FILE                          ; SoC_QSYS/synthesis/submodules/sequencer/sequencer_auto_ac_init.pre.c   ; --            ; SoC_QSYS_hps_0_hps_io_border ; --             ;
; HPS_ISW_FILE                          ; SoC_QSYS/synthesis/submodules/sequencer/sequencer_auto_inst_init.pre.c ; --            ; SoC_QSYS_hps_0_hps_io_border ; --             ;
; HPS_ISW_FILE                          ; SoC_QSYS/synthesis/submodules/sequencer/sequencer_defines.pre.h        ; --            ; SoC_QSYS_hps_0_hps_io_border ; --             ;
; HPS_ISW_FILE                          ; SoC_QSYS/synthesis/submodules/sequencer/system.pre.h                   ; --            ; SoC_QSYS_hps_0_hps_io_border ; --             ;
; HPS_ISW_FILE                          ; SoC_QSYS/synthesis/submodules/sequencer/tclrpt.pre.c                   ; --            ; SoC_QSYS_hps_0_hps_io_border ; --             ;
; HPS_ISW_FILE                          ; SoC_QSYS/synthesis/submodules/sequencer/tclrpt.pre.h                   ; --            ; SoC_QSYS_hps_0_hps_io_border ; --             ;
; HPS_ISW_FILE                          ; SoC_QSYS/synthesis/submodules/hps.pre.xml                              ; --            ; SoC_QSYS_hps_0_hps_io_border ; --             ;
; HPS_PARTITION                         ; On                                                                     ; --            ; SoC_QSYS_hps_0_hps_io_border ; --             ;
; MAX_CORE_JUNCTION_TEMP                ; 85                                                                     ; --            ; --                           ; --             ;
; MIN_CORE_JUNCTION_TEMP                ; 0                                                                      ; --            ; --                           ; --             ;
; MISC_FILE                             ; SoC_QSYS/synthesis/../SoC_QSYS.cmp                                     ; --            ; --                           ; --             ;
; MISC_FILE                             ; SoC_QSYS/synthesis/../../C                                             ; --            ; --                           ; --             ;
; MISC_FILE                             ; SoC_QSYS/synthesis/SoC_QSYS_hps_0_hps.svd                              ; --            ; --                           ; --             ;
; MISC_FILE                             ; SoC_QSYS/synthesis/../../SoC_QSYS.qsys                                 ; --            ; --                           ; --             ;
; MISC_FILE                             ; SoC_QSYS/synthesis/submodules/sequencer/alt_types.pre.h                ; --            ; --                           ; --             ;
; MISC_FILE                             ; SoC_QSYS/synthesis/submodules/sequencer/emif.pre.xml                   ; --            ; --                           ; --             ;
; MISC_FILE                             ; SoC_QSYS/synthesis/submodules/sequencer/sdram_io.pre.h                 ; --            ; --                           ; --             ;
; MISC_FILE                             ; SoC_QSYS/synthesis/submodules/sequencer/sequencer.pre.c                ; --            ; --                           ; --             ;
; MISC_FILE                             ; SoC_QSYS/synthesis/submodules/sequencer/sequencer.pre.h                ; --            ; --                           ; --             ;
; MISC_FILE                             ; SoC_QSYS/synthesis/submodules/sequencer/sequencer_auto.pre.h           ; --            ; --                           ; --             ;
; MISC_FILE                             ; SoC_QSYS/synthesis/submodules/sequencer/sequencer_auto_ac_init.pre.c   ; --            ; --                           ; --             ;
; MISC_FILE                             ; SoC_QSYS/synthesis/submodules/sequencer/sequencer_auto_inst_init.pre.c ; --            ; --                           ; --             ;
; MISC_FILE                             ; SoC_QSYS/synthesis/submodules/sequencer/sequencer_defines.pre.h        ; --            ; --                           ; --             ;
; MISC_FILE                             ; SoC_QSYS/synthesis/submodules/sequencer/system.pre.h                   ; --            ; --                           ; --             ;
; MISC_FILE                             ; SoC_QSYS/synthesis/submodules/sequencer/tclrpt.pre.c                   ; --            ; --                           ; --             ;
; MISC_FILE                             ; SoC_QSYS/synthesis/submodules/sequencer/tclrpt.pre.h                   ; --            ; --                           ; --             ;
; MISC_FILE                             ; SoC_QSYS/synthesis/submodules/hps.pre.xml                              ; --            ; --                           ; --             ;
; PARTITION_COLOR                       ; -- (Not supported for targeted family)                                 ; --            ; --                           ; Top            ;
; PARTITION_FITTER_PRESERVATION_LEVEL   ; -- (Not supported for targeted family)                                 ; --            ; --                           ; Top            ;
; PARTITION_NETLIST_TYPE                ; -- (Not supported for targeted family)                                 ; --            ; --                           ; Top            ;
; POWER_BOARD_THERMAL_MODEL             ; None (CONSERVATIVE)                                                    ; --            ; --                           ; --             ;
; POWER_PRESET_COOLING_SOLUTION         ; 23 MM HEAT SINK WITH 200 LFPM AIRFLOW                                  ; --            ; --                           ; --             ;
; PROJECT_OUTPUT_DIRECTORY              ; output_files                                                           ; --            ; --                           ; --             ;
; SLD_FILE                              ; SoC_QSYS/synthesis/SoC_QSYS.regmap                                     ; --            ; --                           ; --             ;
; SLD_FILE                              ; SoC_QSYS/synthesis/SoC_QSYS.debuginfo                                  ; --            ; --                           ; --             ;
; SLD_INFO                              ; QSYS_NAME SoC_QSYS HAS_SOPCINFO 1 GENERATION_ID 1518533007             ; --            ; SoC_QSYS                     ; --             ;
; SOPCINFO_FILE                         ; SoC_QSYS/synthesis/../../SoC_QSYS.sopcinfo                             ; --            ; --                           ; --             ;
; SYNTHESIS_ONLY_QIP                    ; On                                                                     ; --            ; --                           ; --             ;
; USE_DLL_FREQUENCY_FOR_DQS_DELAY_CHAIN ; On                                                                     ; Off           ; --                           ; --             ;
+---------------------------------------+------------------------------------------------------------------------+---------------+------------------------------+----------------+


+-------------------------------------------------------------------------------------------------------------------------------+
; Flow Elapsed Time                                                                                                             ;
+---------------------------+--------------+-------------------------+---------------------+------------------------------------+
; Module Name               ; Elapsed Time ; Average Processors Used ; Peak Virtual Memory ; Total CPU Time (on all processors) ;
+---------------------------+--------------+-------------------------+---------------------+------------------------------------+
; Analysis & Synthesis      ; 00:00:38     ; 1.0                     ; 913 MB              ; 00:00:43                           ;
; Fitter                    ; 00:01:28     ; 1.1                     ; 3211 MB             ; 00:02:13                           ;
; Assembler                 ; 00:00:22     ; 1.0                     ; 757 MB              ; 00:00:13                           ;
; TimeQuest Timing Analyzer ; 00:00:50     ; 1.1                     ; 1442 MB             ; 00:00:35                           ;
; EDA Netlist Writer        ; 00:00:14     ; 1.0                     ; 688 MB              ; 00:00:07                           ;
; Total                     ; 00:03:32     ; --                      ; --                  ; 00:03:51                           ;
+---------------------------+--------------+-------------------------+---------------------+------------------------------------+


+-----------------------------------------------------------------------------------------+
; Flow OS Summary                                                                         ;
+---------------------------+------------------+------------+------------+----------------+
; Module Name               ; Machine Hostname ; OS Name    ; OS Version ; Processor type ;
+---------------------------+------------------+------------+------------+----------------+
; Analysis & Synthesis      ; 4110-CZC649956T  ; Windows 10 ; 10.0       ; x86_64         ;
; Fitter                    ; 4110-CZC649956T  ; Windows 10 ; 10.0       ; x86_64         ;
; Assembler                 ; 4110-CZC649956T  ; Windows 10 ; 10.0       ; x86_64         ;
; TimeQuest Timing Analyzer ; 4110-CZC649956T  ; Windows 10 ; 10.0       ; x86_64         ;
; EDA Netlist Writer        ; 4110-CZC649956T  ; Windows 10 ; 10.0       ; x86_64         ;
+---------------------------+------------------+------------+------------+----------------+


------------
; Flow Log ;
------------
quartus_map --read_settings_files=on --write_settings_files=off SystemOnChip -c SystemOnChip
quartus_fit --read_settings_files=off --write_settings_files=off SystemOnChip -c SystemOnChip
quartus_asm --read_settings_files=off --write_settings_files=off SystemOnChip -c SystemOnChip
quartus_sta SystemOnChip -c SystemOnChip
quartus_eda --read_settings_files=off --write_settings_files=off SystemOnChip -c SystemOnChip



